📈 下午好！2026-02-02 16:00 行情

==============================
📉 纳指100LOF (159941)
💰 当前: 1.359
📊 涨跌: -2.65%
📝 📉 下跌
==============================

==============================
📉 纳指100 (513100)
💰 当前: 1.833
📊 涨跌: -2.55%
📝 📉 下跌
==============================

📈 贵州茅台 (600519)
   💰 1427.00  (+1.86%)
   📝 📈 上涨

📈 平安银行 (000001)
   💰 10.86  (+0.28%)
   📝 ➡️ 小涨

📉 中概互联网 (513050)
   💰 1.47  (-3.35%)
   📝 🧊 大跌！

⚠️ 价格预警:
📉 中概互联网 -3.35%
📈 上午好！2026-02-03 10:00 行情

==============================
📈 纳指100LOF (159941)
💰 当前: 1.388
📊 涨跌: +2.13%
📝 📈 上涨 较上次+0.03
==============================

==============================
📈 纳指100 (513100)
💰 当前: 1.870
📊 涨跌: +2.02%
📝 📈 上涨 较上次+0.04
==============================

📈 贵州茅台 (600519)
   💰 1459.43  (+2.27%)
   📝 📈 上涨 较上次+32.43

📉 平安银行 (000001)
   💰 10.83  (-0.28%)
   📝 ➡️ 小跌 较上次-0.03

📈 中概互联网 (513050)
   💰 1.48  (+0.68%)
   📝 ➡️ 小涨 较上次+0.01
📈 上午好！2026-02-03 10:00 行情

==============================
📈 纳指100LOF (159941)
💰 当前: 1.388
📊 涨跌: +2.13%
📝 📈 上涨 较上次+0.03
==============================

==============================
📈 纳指100 (513100)
💰 当前: 1.870
📊 涨跌: +2.02%
📝 📈 上涨 较上次+0.04
==============================

📈 贵州茅台 (600519)
   💰 1459.43  (+2.27%)
   📝 📈 上涨 较上次+32.43

📉 平安银行 (000001)
   💰 10.83  (-0.28%)
   📝 ➡️ 小跌 较上次-0.03

📈 中概互联网 (513050)
   💰 1.48  (+0.68%)
   📝 ➡️ 小涨 较上次+0.01
📈 下午好！2026-02-03 16:00 行情

==============================
📈 纳指100LOF (159941)
💰 当前: 1.388
📊 涨跌: +2.13%
📝 📈 上涨
==============================

==============================
📈 纳指100 (513100)
💰 当前: 1.872
📊 涨跌: +2.13%
📝 📈 上涨
==============================

📈 贵州茅台 (600519)
   💰 1474.92  (+3.36%)
   📝 🔥 大涨！ 较上次+6.39

📉 平安银行 (000001)
   💰 10.84  (-0.18%)
   📝 ➡️ 小跌

📉 中概互联网 (513050)
   💰 1.46  (-0.54%)
   📝 ➡️ 小跌

⚠️ 价格预警:
🚀 贵州茅台 +3.36%
📈 下午好！2026-02-03 16:00 行情

==============================
📈 纳指100LOF (159941)
💰 当前: 1.388
📊 涨跌: +2.13%
📝 📈 上涨
==============================

==============================
📈 纳指100 (513100)
💰 当前: 1.872
📊 涨跌: +2.13%
📝 📈 上涨
==============================

📈 贵州茅台 (600519)
   💰 1474.92  (+3.36%)
   📝 🔥 大涨！ 较上次+6.39

📉 平安银行 (000001)
   💰 10.84  (-0.18%)
   📝 ➡️ 小跌

📉 中概互联网 (513050)
   💰 1.46  (-0.54%)
   📝 ➡️ 小跌

⚠️ 价格预警:
🚀 贵州茅台 +3.36%
📈 上午好！2026-02-04 10:00 行情

==============================
📉 纳指100LOF (159941)
💰 当前: 1.364
📊 涨跌: -1.73%
📝 📉 下跌 较上次-0.02
==============================

==============================
📉 纳指100 (513100)
💰 当前: 1.846
📊 涨跌: -1.39%
📝 📉 下跌 较上次-0.03
==============================

📈 贵州茅台 (600519)
   💰 1497.54  (+1.53%)
   📝 📈 上涨 较上次+22.62

📈 平安银行 (000001)
   💰 10.92  (+0.74%)
   📝 ➡️ 小涨 较上次+0.08

📉 中概互联网 (513050)
   💰 1.44  (-1.78%)
   📝 📉 下跌 较上次-0.03
📈 上午好！2026-02-04 10:00 行情

==============================
📉 纳指100LOF (159941)
💰 当前: 1.364
📊 涨跌: -1.73%
📝 📉 下跌 较上次-0.02
==============================

==============================
📉 纳指100 (513100)
💰 当前: 1.846
📊 涨跌: -1.39%
📝 📉 下跌 较上次-0.03
==============================

📈 贵州茅台 (600519)
   💰 1498.50  (+1.60%)
   📝 📈 上涨 较上次+23.58

📈 平安银行 (000001)
   💰 10.92  (+0.74%)
   📝 ➡️ 小涨 较上次+0.08

📉 中概互联网 (513050)
   💰 1.44  (-1.78%)
   📝 📉 下跌 较上次-0.03
📈 下午好！2026-02-04 16:00 行情

==============================
📉 纳指100LOF (159941)
💰 当前: 1.379
📊 涨跌: -0.65%
📝 ➡️ 小跌
==============================

==============================
📉 纳指100 (513100)
💰 当前: 1.853
📊 涨跌: -1.01%
📝 📉 下跌
==============================

📈 贵州茅台 (600519)
   💰 1525.00  (+3.40%)
   📝 🔥 大涨！ 较上次+1.40

📈 平安银行 (000001)
   💰 10.97  (+1.20%)
   📝 📈 上涨

📉 中概互联网 (513050)
   💰 1.44  (-1.85%)
   📝 📉 下跌

⚠️ 价格预警:
🚀 贵州茅台 +3.40%
📈 下午好！2026-02-04 16:00 行情

==============================
📉 纳指100LOF (159941)
💰 当前: 1.379
📊 涨跌: -0.65%
📝 ➡️ 小跌
==============================

==============================
📉 纳指100 (513100)
💰 当前: 1.853
📊 涨跌: -1.01%
📝 📉 下跌
==============================

📈 贵州茅台 (600519)
   💰 1525.00  (+3.40%)
   📝 🔥 大涨！ 较上次+1.40

📈 平安银行 (000001)
   💰 10.97  (+1.20%)
   📝 📈 上涨

📉 中概互联网 (513050)
   💰 1.44  (-1.85%)
   📝 📉 下跌

⚠️ 价格预警:
🚀 贵州茅台 +3.40%
📈 上午好！2026-02-05 10:00 行情

==============================
📉 纳指100LOF (159941)
💰 当前: 1.365
📊 涨跌: -1.02%
📝 📉 下跌 较上次-0.01
==============================

==============================
📉 纳指100 (513100)
💰 当前: 1.839
📊 涨跌: -0.76%
📝 ➡️ 小跌 较上次-0.01
==============================

📈 贵州茅台 (600519)
   💰 1535.00  (+0.66%)
   📝 ➡️ 小涨 较上次+10.00

📈 平安银行 (000001)
   💰 11.05  (+0.73%)
   📝 ➡️ 小涨 较上次+0.08

📉 中概互联网 (513050)
   💰 1.40  (-2.37%)
   📝 📉 下跌 较上次-0.03
📈 上午好！2026-02-05 10:00 行情

==============================
📉 纳指100LOF (159941)
💰 当前: 1.366
📊 涨跌: -0.94%
📝 ➡️ 小跌 较上次-0.01
==============================

==============================
📉 纳指100 (513100)
💰 当前: 1.839
📊 涨跌: -0.76%
📝 ➡️ 小跌 较上次-0.01
==============================

📈 贵州茅台 (600519)
   💰 1535.00  (+0.66%)
   📝 ➡️ 小涨 较上次+10.00

📈 平安银行 (000001)
   💰 11.05  (+0.73%)
   📝 ➡️ 小涨 较上次+0.08

📉 中概互联网 (513050)
   💰 1.40  (-2.37%)
   📝 📉 下跌 较上次-0.03
📈 下午好！2026-02-05 16:00 行情

==============================
📉 纳指100LOF (159941)
💰 当前: 1.367
📊 涨跌: -0.87%
📝 ➡️ 小跌
==============================

==============================
📉 纳指100 (513100)
💰 当前: 1.840
📊 涨跌: -0.70%
📝 ➡️ 小跌
==============================

📈 贵州茅台 (600519)
   💰 1555.00  (+1.97%)
   📝 📈 上涨 较上次+20.00

📈 平安银行 (000001)
   💰 11.09  (+1.09%)
   📝 📈 上涨 较上次+0.04

📉 中概互联网 (513050)
   💰 1.42  (-0.97%)
   📝 ➡️ 小跌 较上次+0.02
📈 下午好！2026-02-05 16:00 行情

==============================
📉 纳指100LOF (159941)
💰 当前: 1.367
📊 涨跌: -0.87%
📝 ➡️ 小跌
==============================

==============================
📉 纳指100 (513100)
💰 当前: 1.840
📊 涨跌: -0.70%
📝 ➡️ 小跌
==============================

📈 贵州茅台 (600519)
   💰 1555.00  (+1.97%)
   📝 📈 上涨 较上次+20.00

📈 平安银行 (000001)
   💰 11.09  (+1.09%)
   📝 📈 上涨 较上次+0.04

📉 中概互联网 (513050)
   💰 1.42  (-0.97%)
   📝 ➡️ 小跌 较上次+0.02
📈 上午好！2026-02-06 10:00 行情

==============================
📉 纳指100LOF (159941)
💰 当前: 1.341
📊 涨跌: -1.90%
📝 📉 下跌 较上次-0.03
==============================

==============================
📉 纳指100 (513100)
💰 当前: 1.812
📊 涨跌: -1.52%
📝 📉 下跌 较上次-0.03
==============================

📉 贵州茅台 (600519)
   💰 1526.56  (-1.83%)
   📝 📉 下跌 较上次-28.44

📉 平安银行 (000001)
   💰 11.06  (-0.27%)
   📝 ➡️ 小跌 较上次-0.03

📉 中概互联网 (513050)
   💰 1.40  (-1.27%)
   📝 📉 下跌 较上次-0.02
📈 上午好！2026-02-06 10:00 行情

==============================
📉 纳指100LOF (159941)
💰 当前: 1.341
📊 涨跌: -1.90%
📝 📉 下跌 较上次-0.03
==============================

==============================
📉 纳指100 (513100)
💰 当前: 1.812
📊 涨跌: -1.52%
📝 📉 下跌 较上次-0.03
==============================

📉 贵州茅台 (600519)
   💰 1526.56  (-1.83%)
   📝 📉 下跌 较上次-28.44

📉 平安银行 (000001)
   💰 11.06  (-0.27%)
   📝 ➡️ 小跌 较上次-0.03

📉 中概互联网 (513050)
   💰 1.40  (-1.27%)
   📝 📉 下跌 较上次-0.02
📈 下午好！2026-02-06 16:00 行情

==============================
📉 纳指100LOF (159941)
💰 当前: 1.344
📊 涨跌: -1.68%
📝 📉 下跌
==============================

==============================
📉 纳指100 (513100)
💰 当前: 1.813
📊 涨跌: -1.47%
📝 📉 下跌
==============================

📉 贵州茅台 (600519)
   💰 1515.01  (-2.57%)
   📝 📉 下跌 较上次-11.55

📉 平安银行 (000001)
   💰 11.05  (-0.36%)
   📝 ➡️ 小跌

📉 中概互联网 (513050)
   💰 1.40  (-1.27%)
   📝 📉 下跌
📈 下午好！2026-02-06 16:00 行情

==============================
📉 纳指100LOF (159941)
💰 当前: 1.344
📊 涨跌: -1.68%
📝 📉 下跌
==============================

==============================
📉 纳指100 (513100)
💰 当前: 1.813
📊 涨跌: -1.47%
📝 📉 下跌
==============================

📉 贵州茅台 (600519)
   💰 1515.01  (-2.57%)
   📝 📉 下跌 较上次-11.55

📉 平安银行 (000001)
   💰 11.05  (-0.36%)
   📝 ➡️ 小跌

📉 中概互联网 (513050)
   💰 1.40  (-1.27%)
   📝 📉 下跌
📈 上午好！2026-02-07 10:00 行情

==============================
📉 纳指100LOF (159941)
💰 当前: 1.344
📊 涨跌: -1.68%
📝 📉 下跌
==============================

==============================
📉 纳指100 (513100)
💰 当前: 1.813
📊 涨跌: -1.47%
📝 📉 下跌
==============================

📉 贵州茅台 (600519)
   💰 1515.01  (-2.57%)
   📝 📉 下跌

📉 平安银行 (000001)
   💰 11.05  (-0.36%)
   📝 ➡️ 小跌

📉 中概互联网 (513050)
   💰 1.40  (-1.27%)
   📝 📉 下跌
📈 上午好！2026-02-07 10:00 行情

==============================
📉 纳指100LOF (159941)
💰 当前: 1.344
📊 涨跌: -1.68%
📝 📉 下跌
==============================

==============================
📉 纳指100 (513100)
💰 当前: 1.813
📊 涨跌: -1.47%
📝 📉 下跌
==============================

📉 贵州茅台 (600519)
   💰 1515.01  (-2.57%)
   📝 📉 下跌

📉 平安银行 (000001)
   💰 11.05  (-0.36%)
   📝 ➡️ 小跌

📉 中概互联网 (513050)
   💰 1.40  (-1.27%)
   📝 📉 下跌
📈 下午好！2026-02-07 16:00 行情

==============================
📉 纳指100LOF (159941)
💰 当前: 1.344
📊 涨跌: -1.68%
📝 📉 下跌
==============================

==============================
📉 纳指100 (513100)
💰 当前: 1.813
📊 涨跌: -1.47%
📝 📉 下跌
==============================

📉 贵州茅台 (600519)
   💰 1515.01  (-2.57%)
   📝 📉 下跌

📉 平安银行 (000001)
   💰 11.05  (-0.36%)
   📝 ➡️ 小跌

📉 中概互联网 (513050)
   💰 1.40  (-1.27%)
   📝 📉 下跌
📈 下午好！2026-02-07 16:00 行情

==============================
📉 纳指100LOF (159941)
💰 当前: 1.344
📊 涨跌: -1.68%
📝 📉 下跌
==============================

==============================
📉 纳指100 (513100)
💰 当前: 1.813
📊 涨跌: -1.47%
📝 📉 下跌
==============================

📉 贵州茅台 (600519)
   💰 1515.01  (-2.57%)
   📝 📉 下跌

📉 平安银行 (000001)
   💰 11.05  (-0.36%)
   📝 ➡️ 小跌

📉 中概互联网 (513050)
   💰 1.40  (-1.27%)
   📝 📉 下跌
📈 上午好！2026-02-08 10:00 行情

==============================
📉 纳指100LOF (159941)
💰 当前: 1.344
📊 涨跌: -1.68%
📝 📉 下跌
==============================

==============================
📉 纳指100 (513100)
💰 当前: 1.813
📊 涨跌: -1.47%
📝 📉 下跌
==============================

📉 贵州茅台 (600519)
   💰 1515.01  (-2.57%)
   📝 📉 下跌

📉 平安银行 (000001)
   💰 11.05  (-0.36%)
   📝 ➡️ 小跌

📉 中概互联网 (513050)
   💰 1.40  (-1.27%)
   📝 📉 下跌
📈 上午好！2026-02-08 10:00 行情

==============================
📉 纳指100LOF (159941)
💰 当前: 1.344
📊 涨跌: -1.68%
📝 📉 下跌
==============================

==============================
📉 纳指100 (513100)
💰 当前: 1.813
📊 涨跌: -1.47%
📝 📉 下跌
==============================

📉 贵州茅台 (600519)
   💰 1515.01  (-2.57%)
   📝 📉 下跌

📉 平安银行 (000001)
   💰 11.05  (-0.36%)
   📝 ➡️ 小跌

📉 中概互联网 (513050)
   💰 1.40  (-1.27%)
   📝 📉 下跌
📈 下午好！2026-02-08 16:00 行情

==============================
📉 纳指100LOF (159941)
💰 当前: 1.344
📊 涨跌: -1.68%
📝 📉 下跌
==============================

==============================
📉 纳指100 (513100)
💰 当前: 1.813
📊 涨跌: -1.47%
📝 📉 下跌
==============================

📉 贵州茅台 (600519)
   💰 1515.01  (-2.57%)
   📝 📉 下跌

📉 平安银行 (000001)
   💰 11.05  (-0.36%)
   📝 ➡️ 小跌

📉 中概互联网 (513050)
   💰 1.40  (-1.27%)
   📝 📉 下跌
📈 下午好！2026-02-08 16:00 行情

==============================
📉 纳指100LOF (159941)
💰 当前: 1.344
📊 涨跌: -1.68%
📝 📉 下跌
==============================

==============================
📉 纳指100 (513100)
💰 当前: 1.813
📊 涨跌: -1.47%
📝 📉 下跌
==============================

📉 贵州茅台 (600519)
   💰 1515.01  (-2.57%)
   📝 📉 下跌

📉 平安银行 (000001)
   💰 11.05  (-0.36%)
   📝 ➡️ 小跌

📉 中概互联网 (513050)
   💰 1.40  (-1.27%)
   📝 📉 下跌
📈 上午好！2026-02-09 10:00 行情

==============================
📈 纳指100LOF (159941)
💰 当前: 1.368
📊 涨跌: +1.79%
📝 📈 上涨 较上次+0.02
==============================

==============================
📈 纳指100 (513100)
💰 当前: 1.845
📊 涨跌: +1.77%
📝 📈 上涨 较上次+0.03
==============================

📈 贵州茅台 (600519)
   💰 1527.02  (+0.79%)
   📝 ➡️ 小涨 较上次+12.01

📈 平安银行 (000001)
   💰 11.11  (+0.54%)
   📝 ➡️ 小涨 较上次+0.06

📈 中概互联网 (513050)
   💰 1.42  (+1.35%)
   📝 📈 上涨 较上次+0.02
📈 上午好！2026-02-09 10:00 行情

==============================
📈 纳指100LOF (159941)
💰 当前: 1.368
📊 涨跌: +1.79%
📝 📈 上涨 较上次+0.02
==============================

==============================
📈 纳指100 (513100)
💰 当前: 1.845
📊 涨跌: +1.77%
📝 📈 上涨 较上次+0.03
==============================

📈 贵州茅台 (600519)
   💰 1527.60  (+0.83%)
   📝 ➡️ 小涨 较上次+12.59

📈 平安银行 (000001)
   💰 11.11  (+0.54%)
   📝 ➡️ 小涨 较上次+0.06

📈 中概互联网 (513050)
   💰 1.42  (+1.35%)
   📝 📈 上涨 较上次+0.02
